<?xml version="1.0" encoding="UTF-8"?>
<testng-results ignored="0" total="2" passed="1" failed="1" skipped="0">
  <reporter-output>
    <line>
      <![CDATA[Capture screenshots]]>
    </line>
    <line>
      <![CDATA[<a target="_blank" href="C:\Users\TB-DB\Pictures\Screenshots\Screenshot.png">screenshot</a>]]>
    </line>
    <line>
      <![CDATA[<br>]]>
    </line>
    <line>
      <![CDATA[<a target="_blank" href="C:\Users\TB-DB\Pictures\Screenshots\Screenshot.png"><img src="C:\Users\TB-DB\Pictures\Screenshots\Screenshot.png" height=200 width=200></img></a>]]>
    </line>
  </reporter-output>
  <suite started-at="2019-07-29T12:21:51Z" name="Data Driven Basics" finished-at="2019-07-29T12:21:56Z" duration-ms="5041">
    <groups>
    </groups>
    <test started-at="2019-07-29T12:21:51Z" name="Bank Manager Login Test" finished-at="2019-07-29T12:21:55Z" duration-ms="3666">
      <class name="com.tb.testcases.BankManagerLoginTest">
        <test-method signature="loginAsBankManager()[pri:0, instance:com.tb.testcases.BankManagerLoginTest@34a75079]" started-at="2019-07-29T12:21:51Z" name="loginAsBankManager" finished-at="2019-07-29T12:21:55Z" duration-ms="3639" status="FAIL">
          <exception class="java.lang.AssertionError">
            <message>
              <![CDATA[Login failed]]>
            </message>
            <full-stacktrace>
              <![CDATA[java.lang.AssertionError: Login failed
at org.testng.Assert.fail(Assert.java:96)
at com.tb.testcases.BankManagerLoginTest.loginAsBankManager(BankManagerLoginTest.java:23)
at java.base/jdk.internal.reflect.NativeMethodAccessorImpl.invoke0(Native Method)
at java.base/jdk.internal.reflect.NativeMethodAccessorImpl.invoke(NativeMethodAccessorImpl.java:62)
at java.base/jdk.internal.reflect.DelegatingMethodAccessorImpl.invoke(DelegatingMethodAccessorImpl.java:43)
at java.base/java.lang.reflect.Method.invoke(Method.java:564)
at org.testng.internal.MethodInvocationHelper.invokeMethod(MethodInvocationHelper.java:124)
at org.testng.internal.Invoker.invokeMethod(Invoker.java:583)
at org.testng.internal.Invoker.invokeTestMethod(Invoker.java:719)
at org.testng.internal.Invoker.invokeTestMethods(Invoker.java:989)
at org.testng.internal.TestMethodWorker.invokeTestMethods(TestMethodWorker.java:125)
at org.testng.internal.TestMethodWorker.run(TestMethodWorker.java:109)
at org.testng.TestRunner.privateRun(TestRunner.java:648)
at org.testng.TestRunner.run(TestRunner.java:505)
at org.testng.SuiteRunner.runTest(SuiteRunner.java:455)
at org.testng.SuiteRunner.runSequentially(SuiteRunner.java:450)
at org.testng.SuiteRunner.privateRun(SuiteRunner.java:415)
at org.testng.SuiteRunner.run(SuiteRunner.java:364)
at org.testng.SuiteRunnerWorker.runSuite(SuiteRunnerWorker.java:52)
at org.testng.SuiteRunnerWorker.run(SuiteRunnerWorker.java:84)
at org.testng.TestNG.runSuitesSequentially(TestNG.java:1208)
at org.testng.TestNG.runSuitesLocally(TestNG.java:1137)
at org.testng.TestNG.runSuites(TestNG.java:1049)
at org.testng.TestNG.run(TestNG.java:1017)
at org.testng.remote.AbstractRemoteTestNG.run(AbstractRemoteTestNG.java:114)
at org.testng.remote.RemoteTestNG.initAndRun(RemoteTestNG.java:251)
at org.testng.remote.RemoteTestNG.main(RemoteTestNG.java:77)
]]>
            </full-stacktrace>
          </exception> <!-- java.lang.AssertionError -->
          <reporter-output>
            <line>
              <![CDATA[Capture screenshots]]>
            </line>
            <line>
              <![CDATA[<a target="_blank" href="C:\Users\TB-DB\Pictures\Screenshots\Screenshot.png">screenshot</a>]]>
            </line>
            <line>
              <![CDATA[<br>]]>
            </line>
            <line>
              <![CDATA[<a target="_blank" href="C:\Users\TB-DB\Pictures\Screenshots\Screenshot.png"><img src="C:\Users\TB-DB\Pictures\Screenshots\Screenshot.png" height=200 width=200></img></a>]]>
            </line>
          </reporter-output>
        </test-method> <!-- loginAsBankManager -->
      </class> <!-- com.tb.testcases.BankManagerLoginTest -->
    </test> <!-- Bank Manager Login Test -->
    <test started-at="2019-07-29T12:21:55Z" name="Add Customer Test" finished-at="2019-07-29T12:21:56Z" duration-ms="1329">
      <class name="com.tb.testcases.AddCustomerTest">
        <test-method is-config="true" signature="setUp()[pri:0, instance:com.tb.testcases.AddCustomerTest@423e4cbb]" started-at="2019-07-29T12:21:43Z" name="setUp" finished-at="2019-07-29T12:21:51Z" duration-ms="8266" status="PASS">
          <reporter-output>
          </reporter-output>
        </test-method> <!-- setUp -->
        <test-method signature="AddCustomer(java.lang.String, java.lang.String, java.lang.String, java.lang.String)[pri:0, instance:com.tb.testcases.AddCustomerTest@423e4cbb]" started-at="2019-07-29T12:21:55Z" name="AddCustomer" data-provider="getData" finished-at="2019-07-29T12:21:56Z" duration-ms="1293" status="PASS">
          <params>
            <param index="0">
              <value>
                <![CDATA[Raman]]>
              </value>
            </param>
            <param index="1">
              <value>
                <![CDATA[Arora]]>
              </value>
            </param>
            <param index="2">
              <value>
                <![CDATA[1ee424]]>
              </value>
            </param>
            <param index="3">
              <value>
                <![CDATA[Customer added successfully]]>
              </value>
            </param>
          </params>
          <reporter-output>
          </reporter-output>
        </test-method> <!-- AddCustomer -->
        <test-method is-config="true" signature="tearDown()[pri:0, instance:com.tb.testcases.AddCustomerTest@423e4cbb]" started-at="2019-07-29T12:21:56Z" name="tearDown" finished-at="2019-07-29T12:21:57Z" duration-ms="895" status="PASS">
          <reporter-output>
          </reporter-output>
        </test-method> <!-- tearDown -->
      </class> <!-- com.tb.testcases.AddCustomerTest -->
    </test> <!-- Add Customer Test -->
  </suite> <!-- Data Driven Basics -->
</testng-results>
